<?xml version="1.0" encoding="UTF-8"?>
<!-- Generated by org.testng.reporters.JUnitReportReporter -->
<testsuite skipped="0" hostname="Ирюнкэ-ПК" name="testpackage.testHomeWork11.testCalculator.TestClass" tests="1" failures="0" timestamp="03 лист. 2018 16:43:39 GMT" time="0.023" errors="0">
  <testcase name="mainjoi" time="0.023" classname="testpackage.testHomeWork11.testCalculator.TestClass"/>
</testsuite> <!-- testpackage.testHomeWork11.testCalculator.TestClass -->
