<?xml version="1.0" encoding="UTF-8"?>
<!-- Generated by org.testng.reporters.JUnitReportReporter -->
<testsuite skipped="0" hostname="Ирюнкэ-ПК" name="testpackage.TestClass" tests="1" failures="0" timestamp="03 лист. 2018 16:42:21 GMT" time="0.020" errors="0">
  <testcase name="mainjoi" time="0.020" classname="testpackage.TestClass"/>
</testsuite> <!-- testpackage.TestClass -->
