<?xml version="1.0" encoding="UTF-8"?>
<!-- Generated by org.testng.reporters.JUnitReportReporter -->
<testsuite skipped="0" hostname="Ирюнкэ-ПК" name="testpackage.testHomeWork11.testCalculator.TestCalculator" tests="2" failures="0" timestamp="03 лист. 2018 21:23:15 GMT" time="0.034" errors="0">
  <testcase name="testDivision" time="0.033" classname="testpackage.testHomeWork11.testCalculator.TestCalculator"/>
  <testcase name="testMultiply" time="0.001" classname="testpackage.testHomeWork11.testCalculator.TestCalculator"/>
</testsuite> <!-- testpackage.testHomeWork11.testCalculator.TestCalculator -->
